<?xml version="1.0" encoding="UTF-8"?>
<!-- Generated by org.testng.reporters.JUnitXMLReporter -->
<testsuite ignored="0" hostname="DESKTOP-MS9Q3KL" failures="0" tests="2" name="testing on Chrome" time="61.501" errors="0" timestamp="2026-02-08T13:21:56 IST">
  <testcase classname="SmokeTC_Maven.Amazon01.TestCase1_login" name="Loginwithvaliduser" time="21.446"/>
  <testcase classname="SmokeTC_Maven.Amazon01.TestCase2_login_SearchTheProduct_LogOut" name="Loginwithvaliduser" time="26.704"/>
</testsuite> <!-- testing on Chrome -->
