<?xml version="1.0" encoding="UTF-8"?>
<!-- Generated by org.testng.reporters.JUnitXMLReporter -->
<testsuite ignored="0" hostname="DESKTOP-MS9Q3KL" failures="0" tests="2" name="testing on Chrome" time="81.621" errors="0" timestamp="2026-02-14T12:28:49 IST">
  <testcase classname="SmokeTC_Maven.Amazon01.TestCase1_login" name="Loginwithvaliduser" time="21.513"/>
  <testcase classname="SmokeTC_Maven.Amazon01.TestCase2_login_SearchTheProduct_LogOut" name="Loginwithvaliduser" time="43.121"/>
</testsuite> <!-- testing on Chrome -->
