<?xml version="1.0" encoding="UTF-8"?>
<!-- Generated by org.testng.reporters.JUnitXMLReporter -->
<testsuite ignored="0" hostname="DESKTOP-MS9Q3KL" failures="0" tests="2" name="testing on edge" time="60.34" errors="0" timestamp="2026-02-14T12:29:50 IST">
  <testcase classname="SmokeTC_Maven.Amazon01.TestCase1_login" name="Loginwithvaliduser" time="21.735"/>
  <testcase classname="SmokeTC_Maven.Amazon01.TestCase2_login_SearchTheProduct_LogOut" name="Loginwithvaliduser" time="27.428"/>
</testsuite> <!-- testing on edge -->
