<?xml version="1.0" encoding="UTF-8"?>
<!-- Generated by org.testng.reporters.JUnitXMLReporter -->
<testsuite ignored="0" hostname="DESKTOP-MS9Q3KL" failures="0" tests="2" name="testing.xml" time="63.625" errors="0" timestamp="2026-02-08T12:12:26 IST">
  <testcase classname="SmokeTC_Maven.Amazon01.TestCase1_login" name="Loginwithvaliduser" time="22.06"/>
  <testcase classname="SmokeTC_Maven.Amazon01.TestCase2_login_SearchTheProduct_LogOut" name="Loginwithvaliduser" time="28.593"/>
</testsuite> <!-- testing.xml -->
