<?xml version="1.0" encoding="UTF-8"?>
<testng-results ignored="0" total="4" passed="4" failed="0" skipped="0">
  <reporter-output>
    <line>
      <![CDATA[Logoutdone]]>
    </line>
    <line>
      <![CDATA[Logoutdone]]>
    </line>
  </reporter-output>
  <suite started-at="2026-02-14T12:27:28 IST" name="Smokesuite" finished-at="2026-02-14T12:29:50 IST" duration-ms="141998">
    <groups>
    </groups>
    <test started-at="2026-02-14T12:27:28 IST" name="testing on Chrome" finished-at="2026-02-14T12:28:49 IST" duration-ms="81621">
      <class name="SmokeTC_Maven.Amazon01.TestCase2_login_SearchTheProduct_LogOut">
        <test-method is-config="true" signature="browserLaunch(java.lang.String)[pri:0, instance:SmokeTC_Maven.Amazon01.TestCase2_login_SearchTheProduct_LogOut@4567f35d]" started-at="2026-02-14T12:28:01 IST" name="browserLaunch" finished-at="2026-02-14T12:28:03 IST" duration-ms="1791" status="PASS">
          <params>
            <param index="0">
              <value>
                <![CDATA[chrome]]>
              </value>
            </param>
          </params>
          <reporter-output>
          </reporter-output>
        </test-method> <!-- browserLaunch -->
        <test-method signature="Loginwithvaliduser()[pri:0, instance:SmokeTC_Maven.Amazon01.TestCase2_login_SearchTheProduct_LogOut@4567f35d]" started-at="2026-02-14T12:28:03 IST" name="Loginwithvaliduser" finished-at="2026-02-14T12:28:46 IST" duration-ms="43121" status="PASS">
          <reporter-output>
            <line>
              <![CDATA[Logoutdone]]>
            </line>
          </reporter-output>
        </test-method> <!-- Loginwithvaliduser -->
        <test-method is-config="true" signature="browserQuite()[pri:0, instance:SmokeTC_Maven.Amazon01.TestCase2_login_SearchTheProduct_LogOut@4567f35d]" started-at="2026-02-14T12:28:46 IST" name="browserQuite" finished-at="2026-02-14T12:28:49 IST" duration-ms="3335" status="PASS">
          <reporter-output>
          </reporter-output>
        </test-method> <!-- browserQuite -->
      </class> <!-- SmokeTC_Maven.Amazon01.TestCase2_login_SearchTheProduct_LogOut -->
      <class name="SmokeTC_Maven.Amazon01.TestCase1_login">
        <test-method is-config="true" signature="browserLaunch(java.lang.String)[pri:0, instance:SmokeTC_Maven.Amazon01.TestCase1_login@68999068]" started-at="2026-02-14T12:27:28 IST" name="browserLaunch" finished-at="2026-02-14T12:27:36 IST" duration-ms="8410" status="PASS">
          <params>
            <param index="0">
              <value>
                <![CDATA[chrome]]>
              </value>
            </param>
          </params>
          <reporter-output>
          </reporter-output>
        </test-method> <!-- browserLaunch -->
        <test-method signature="Loginwithvaliduser()[pri:0, instance:SmokeTC_Maven.Amazon01.TestCase1_login@68999068]" started-at="2026-02-14T12:27:36 IST" name="Loginwithvaliduser" finished-at="2026-02-14T12:27:58 IST" duration-ms="21513" status="PASS">
          <reporter-output>
          </reporter-output>
        </test-method> <!-- Loginwithvaliduser -->
        <test-method is-config="true" signature="browserQuite()[pri:0, instance:SmokeTC_Maven.Amazon01.TestCase1_login@68999068]" started-at="2026-02-14T12:27:58 IST" name="browserQuite" finished-at="2026-02-14T12:28:01 IST" duration-ms="3325" status="PASS">
          <reporter-output>
          </reporter-output>
        </test-method> <!-- browserQuite -->
      </class> <!-- SmokeTC_Maven.Amazon01.TestCase1_login -->
    </test> <!-- testing on Chrome -->
    <test started-at="2026-02-14T12:28:49 IST" name="testing on edge" finished-at="2026-02-14T12:29:50 IST" duration-ms="60340">
      <class name="SmokeTC_Maven.Amazon01.TestCase2_login_SearchTheProduct_LogOut">
        <test-method is-config="true" signature="browserLaunch(java.lang.String)[pri:0, instance:SmokeTC_Maven.Amazon01.TestCase2_login_SearchTheProduct_LogOut@c8c12ac]" started-at="2026-02-14T12:29:17 IST" name="browserLaunch" finished-at="2026-02-14T12:29:19 IST" duration-ms="1964" status="PASS">
          <params>
            <param index="0">
              <value>
                <![CDATA[edge]]>
              </value>
            </param>
          </params>
          <reporter-output>
          </reporter-output>
        </test-method> <!-- browserLaunch -->
        <test-method signature="Loginwithvaliduser()[pri:0, instance:SmokeTC_Maven.Amazon01.TestCase2_login_SearchTheProduct_LogOut@c8c12ac]" started-at="2026-02-14T12:29:19 IST" name="Loginwithvaliduser" finished-at="2026-02-14T12:29:46 IST" duration-ms="27428" status="PASS">
          <reporter-output>
            <line>
              <![CDATA[Logoutdone]]>
            </line>
          </reporter-output>
        </test-method> <!-- Loginwithvaliduser -->
        <test-method is-config="true" signature="browserQuite()[pri:0, instance:SmokeTC_Maven.Amazon01.TestCase2_login_SearchTheProduct_LogOut@c8c12ac]" started-at="2026-02-14T12:29:46 IST" name="browserQuite" finished-at="2026-02-14T12:29:50 IST" duration-ms="3346" status="PASS">
          <reporter-output>
          </reporter-output>
        </test-method> <!-- browserQuite -->
      </class> <!-- SmokeTC_Maven.Amazon01.TestCase2_login_SearchTheProduct_LogOut -->
      <class name="SmokeTC_Maven.Amazon01.TestCase1_login">
        <test-method is-config="true" signature="browserLaunch(java.lang.String)[pri:0, instance:SmokeTC_Maven.Amazon01.TestCase1_login@1623b78d]" started-at="2026-02-14T12:28:49 IST" name="browserLaunch" finished-at="2026-02-14T12:28:52 IST" duration-ms="2533" status="PASS">
          <params>
            <param index="0">
              <value>
                <![CDATA[edge]]>
              </value>
            </param>
          </params>
          <reporter-output>
          </reporter-output>
        </test-method> <!-- browserLaunch -->
        <test-method signature="Loginwithvaliduser()[pri:0, instance:SmokeTC_Maven.Amazon01.TestCase1_login@1623b78d]" started-at="2026-02-14T12:28:52 IST" name="Loginwithvaliduser" finished-at="2026-02-14T12:29:14 IST" duration-ms="21735" status="PASS">
          <reporter-output>
          </reporter-output>
        </test-method> <!-- Loginwithvaliduser -->
        <test-method is-config="true" signature="browserQuite()[pri:0, instance:SmokeTC_Maven.Amazon01.TestCase1_login@1623b78d]" started-at="2026-02-14T12:29:14 IST" name="browserQuite" finished-at="2026-02-14T12:29:17 IST" duration-ms="3331" status="PASS">
          <reporter-output>
          </reporter-output>
        </test-method> <!-- browserQuite -->
      </class> <!-- SmokeTC_Maven.Amazon01.TestCase1_login -->
    </test> <!-- testing on edge -->
  </suite> <!-- Smokesuite -->
</testng-results>
