<?xml version="1.0" encoding="UTF-8"?>
<testng-results ignored="0" total="2" passed="2" failed="0" skipped="0">
  <reporter-output>
    <line>
      <![CDATA[Logoutdone]]>
    </line>
  </reporter-output>
  <suite started-at="2026-02-08T13:20:54 IST" name="Smokesuite" finished-at="2026-02-08T13:21:56 IST" duration-ms="61501">
    <groups>
    </groups>
    <test started-at="2026-02-08T13:20:54 IST" name="testing on Chrome" finished-at="2026-02-08T13:21:56 IST" duration-ms="61501">
      <class name="SmokeTC_Maven.Amazon01.TestCase2_login_SearchTheProduct_LogOut">
        <test-method is-config="true" signature="browserLaunch(java.lang.String)[pri:0, instance:SmokeTC_Maven.Amazon01.TestCase2_login_SearchTheProduct_LogOut@5bf0d49]" started-at="2026-02-08T13:21:21 IST" name="browserLaunch" finished-at="2026-02-08T13:21:26 IST" duration-ms="4097" status="PASS">
          <params>
            <param index="0">
              <value>
                <![CDATA[chrome]]>
              </value>
            </param>
          </params>
          <reporter-output>
          </reporter-output>
        </test-method> <!-- browserLaunch -->
        <test-method signature="Loginwithvaliduser()[pri:0, instance:SmokeTC_Maven.Amazon01.TestCase2_login_SearchTheProduct_LogOut@5bf0d49]" started-at="2026-02-08T13:21:26 IST" name="Loginwithvaliduser" finished-at="2026-02-08T13:21:52 IST" duration-ms="26704" status="PASS">
          <reporter-output>
            <line>
              <![CDATA[Logoutdone]]>
            </line>
          </reporter-output>
        </test-method> <!-- Loginwithvaliduser -->
        <test-method is-config="true" signature="browserQuite()[pri:0, instance:SmokeTC_Maven.Amazon01.TestCase2_login_SearchTheProduct_LogOut@5bf0d49]" started-at="2026-02-08T13:21:52 IST" name="browserQuite" finished-at="2026-02-08T13:21:56 IST" duration-ms="3464" status="PASS">
          <reporter-output>
          </reporter-output>
        </test-method> <!-- browserQuite -->
      </class> <!-- SmokeTC_Maven.Amazon01.TestCase2_login_SearchTheProduct_LogOut -->
      <class name="SmokeTC_Maven.Amazon01.TestCase1_login">
        <test-method is-config="true" signature="browserLaunch(java.lang.String)[pri:0, instance:SmokeTC_Maven.Amazon01.TestCase1_login@35d019a3]" started-at="2026-02-08T13:20:54 IST" name="browserLaunch" finished-at="2026-02-08T13:20:57 IST" duration-ms="2369" status="PASS">
          <params>
            <param index="0">
              <value>
                <![CDATA[chrome]]>
              </value>
            </param>
          </params>
          <reporter-output>
          </reporter-output>
        </test-method> <!-- browserLaunch -->
        <test-method signature="Loginwithvaliduser()[pri:0, instance:SmokeTC_Maven.Amazon01.TestCase1_login@35d019a3]" started-at="2026-02-08T13:20:57 IST" name="Loginwithvaliduser" finished-at="2026-02-08T13:21:18 IST" duration-ms="21446" status="PASS">
          <reporter-output>
          </reporter-output>
        </test-method> <!-- Loginwithvaliduser -->
        <test-method is-config="true" signature="browserQuite()[pri:0, instance:SmokeTC_Maven.Amazon01.TestCase1_login@35d019a3]" started-at="2026-02-08T13:21:18 IST" name="browserQuite" finished-at="2026-02-08T13:21:21 IST" duration-ms="3360" status="PASS">
          <reporter-output>
          </reporter-output>
        </test-method> <!-- browserQuite -->
      </class> <!-- SmokeTC_Maven.Amazon01.TestCase1_login -->
    </test> <!-- testing on Chrome -->
  </suite> <!-- Smokesuite -->
</testng-results>
