<?xml version="1.0" encoding="UTF-8"?>
<!-- Generated by org.testng.reporters.JUnitReportReporter -->
<testsuite hostname="DESKTOP-MS9Q3KL" failures="0" tests="1" name="SmokeTC_Maven.Amazon01.TestCase1_login" time="27.175" errors="0" timestamp="2026-02-08T13:21:56 IST" skipped="0">
  <testcase classname="SmokeTC_Maven.Amazon01.TestCase1_login" name="Loginwithvaliduser" time="27.175"/>
  <system-out>
    <![CDATA[Logoutdone]]>
  </system-out>
</testsuite> <!-- SmokeTC_Maven.Amazon01.TestCase1_login -->
