<?xml version="1.0" encoding="UTF-8"?>
<!-- Generated by org.testng.reporters.JUnitReportReporter -->
<testsuite hostname="DESKTOP-MS9Q3KL" failures="0" tests="2" name="SmokeTC_Maven.Amazon01.TestCase1_login" time="60.847" errors="0" timestamp="2026-02-14T12:29:50 IST" skipped="0">
  <testcase classname="SmokeTC_Maven.Amazon01.TestCase1_login" name="Loginwithvaliduser" time="27.599"/>
  <testcase classname="SmokeTC_Maven.Amazon01.TestCase1_login" name="Loginwithvaliduser" time="33.248"/>
  <system-out>
    <![CDATA[Logoutdone
Logoutdone]]>
  </system-out>
</testsuite> <!-- SmokeTC_Maven.Amazon01.TestCase1_login -->
