<?xml version="1.0" encoding="UTF-8"?>
<!-- Generated by org.testng.reporters.JUnitReportReporter -->
<testsuite hostname="DESKTOP-MS9Q3KL" failures="0" tests="2" name="SmokeTC_Maven.Amazon01.TestCase2_login_SearchTheProduct_LogOut" time="80.985" errors="0" timestamp="2026-02-14T12:29:50 IST" skipped="0">
  <testcase classname="SmokeTC_Maven.Amazon01.TestCase2_login_SearchTheProduct_LogOut" name="Loginwithvaliduser" time="48.247">
    <system-out>
      <![CDATA[Logoutdone]]>
    </system-out>
  </testcase> <!-- Loginwithvaliduser -->
  <testcase classname="SmokeTC_Maven.Amazon01.TestCase2_login_SearchTheProduct_LogOut" name="Loginwithvaliduser" time="32.738">
    <system-out>
      <![CDATA[Logoutdone]]>
    </system-out>
  </testcase> <!-- Loginwithvaliduser -->
  <system-out>
    <![CDATA[Logoutdone
Logoutdone]]>
  </system-out>
</testsuite> <!-- SmokeTC_Maven.Amazon01.TestCase2_login_SearchTheProduct_LogOut -->
